<?xml version="1.0" encoding="UTF-8"?>
<!-- Generated by org.testng.reporters.JUnitXMLReporter -->
<testsuite hostname="CDC313498" name="Login(failed)" tests="1" failures="0" timestamp="2 Jun 2017 09:58:39 GMT" time="0.007" errors="0">
  <testcase name="@BeforeClass setUp" time="0.0" classname="SeleniumTestDemo.MainFunction">
    <failure type="java.lang.NoClassDefFoundError" message="Could not initialize class commonFuntion.Driver">
      <![CDATA[java.lang.NoClassDefFoundError: Could not initialize class commonFuntion.Driver
	at SeleniumTestDemo.MainFunction.setUp(MainFunction.java:61)
... Removed 24 stack frames]]>
    </failure>
  </testcase> <!-- @BeforeClass setUp -->
  <testcase name="@AfterMethod afterEachTest" time="0.0" classname="SeleniumTestDemo.MainFunction">
    <skipped/>
  </testcase> <!-- @AfterMethod afterEachTest -->
  <testcase name="@AfterClass tearDown" time="0.0" classname="SeleniumTestDemo.MainFunction">
    <failure type="java.lang.NullPointerException">
      <![CDATA[java.lang.NullPointerException
	at SeleniumTestDemo.MainFunction.tearDown(MainFunction.java:66)
... Removed 24 stack frames]]>
    </failure>
  </testcase> <!-- @AfterClass tearDown -->
  <testcase name="orderFlight" time="0.001" classname="SeleniumTestDemo.MainFunction">
    <skipped/>
  </testcase> <!-- orderFlight -->
</testsuite> <!-- Login(failed) -->
